#
# There is insufficient memory for the Java Runtime Environment to continue.
# Native memory allocation (mmap) failed to map 346030080 bytes for committing reserved memory.
# Possible reasons:
#   The system is out of physical RAM or swap space
#   In 32 bit mode, the process size limit was hit
# Possible solutions:
#   Reduce memory load on the system
#   Increase physical memory or swap space
#   Check if swap backing store is full
#   Use 64 bit Java on a 64 bit OS
#   Decrease Java heap size (-Xmx/-Xms)
#   Decrease number of Java threads
#   Decrease Java thread stack sizes (-Xss)
#   Set larger code cache with -XX:ReservedCodeCacheSize=
# This output file may be truncated or incomplete.
#
#  Out of Memory Error (os_linux.cpp:2746), pid=27393, tid=0x00007f06becf4700
#
# JRE version: OpenJDK Runtime Environment (8.0_191-b12) (build 1.8.0_191-8u191-b12-2ubuntu0.16.04.1-b12)
# Java VM: OpenJDK 64-Bit Server VM (25.191-b12 mixed mode linux-amd64 compressed oops)
# Failed to write core dump. Core dumps have been disabled. To enable core dumping, try "ulimit -c unlimited" before starting Java again
#

---------------  T H R E A D  ---------------

Current thread (0x00007f06dc078000):  VMThread [stack: 0x00007f06bebf4000,0x00007f06becf5000] [id=27430]

Stack: [0x00007f06bebf4000,0x00007f06becf5000],  sp=0x00007f06becf34c0,  free space=1021k
Native frames: (J=compiled Java code, j=interpreted, Vv=VM code, C=native code)
V  [libjvm.so+0xa7414b]
V  [libjvm.so+0x4c8ebc]
V  [libjvm.so+0x8c0c98]
V  [libjvm.so+0x8b82ce]
V  [libjvm.so+0x936566]
V  [libjvm.so+0x937893]
V  [libjvm.so+0x933f5b]
V  [libjvm.so+0x93420c]
V  [libjvm.so+0x8e5b23]
V  [libjvm.so+0xa75df2]
V  [libjvm.so+0xa7af97]
V  [libjvm.so+0xa78697]
V  [libjvm.so+0xa79b1f]
V  [libjvm.so+0xa7a011]
V  [libjvm.so+0x8be002]

VM_Operation (0x00007f06e3df29c0): ParallelGCFailedAllocation, mode: safepoint, requested by thread 0x00007f06dc00a800


---------------  P R O C E S S  ---------------

Java Threads: ( => current thread )
  0x00007f06dc14a000 JavaThread "process reaper" daemon [_thread_blocked, id=27641, stack(0x00007f06bca76000,0x00007f06bcaaf000)]
  0x00007f06dc0e2000 JavaThread "Service Thread" daemon [_thread_blocked, id=27437, stack(0x00007f06bdb2e000,0x00007f06bdc2f000)]
  0x00007f06dc0bd000 JavaThread "C1 CompilerThread2" daemon [_thread_blocked, id=27436, stack(0x00007f06bdc2f000,0x00007f06bdd30000)]
  0x00007f06dc0bb000 JavaThread "C2 CompilerThread1" daemon [_thread_blocked, id=27435, stack(0x00007f06bdd30000,0x00007f06bde31000)]
  0x00007f06dc0b8000 JavaThread "C2 CompilerThread0" daemon [_thread_blocked, id=27434, stack(0x00007f06bde31000,0x00007f06bdf32000)]
  0x00007f06dc0b6800 JavaThread "Signal Dispatcher" daemon [_thread_blocked, id=27433, stack(0x00007f06bdf32000,0x00007f06be033000)]
  0x00007f06dc084800 JavaThread "Finalizer" daemon [_thread_blocked, id=27432, stack(0x00007f06be9f2000,0x00007f06beaf3000)]
  0x00007f06dc082000 JavaThread "Reference Handler" daemon [_thread_blocked, id=27431, stack(0x00007f06beaf3000,0x00007f06bebf4000)]
  0x00007f06dc00a800 JavaThread "main" [_thread_blocked, id=27425, stack(0x00007f06e3cfc000,0x00007f06e3dfd000)]

Other Threads:
=>0x00007f06dc078000 VMThread [stack: 0x00007f06bebf4000,0x00007f06becf5000] [id=27430]
  0x00007f06dc0e5000 WatcherThread [stack: 0x00007f06bda2d000,0x00007f06bdb2e000] [id=27438]

VM state:at safepoint (normal execution)

VM Mutex/Monitor currently owned by a thread:  ([mutex/lock_event])
[0x00007f06dc007020] Threads_lock - owner thread: 0x00007f06dc078000
[0x00007f06dc007520] Heap_lock - owner thread: 0x00007f06dc00a800

Heap:
 PSYoungGen      total 257536K, used 3561K [0x00000000d6d80000, 0x00000000e6c80000, 0x0000000100000000)
  eden space 253952K, 0% used [0x00000000d6d80000,0x00000000d6d80000,0x00000000e6580000)
  from space 3584K, 99% used [0x00000000e6580000,0x00000000e68fa680,0x00000000e6900000)
  to   space 3584K, 0% used [0x00000000e6900000,0x00000000e6900000,0x00000000e6c80000)
 ParOldGen       total 84992K, used 82799K [0x0000000084800000, 0x0000000089b00000, 0x00000000d6d80000)
  object space 84992K, 97% used [0x0000000084800000,0x00000000898dbd70,0x0000000089b00000)
 Metaspace       used 10138K, capacity 10462K, committed 10496K, reserved 1058816K
  class space    used 1139K, capacity 1257K, committed 1280K, reserved 1048576K

Card table byte_map: [0x00007f06ccc23000,0x00007f06cd000000] byte_map_base: 0x00007f06cc7ff000

Marking Bits: (ParMarkBitMap*) 0x00007f06e2fc6520
 Begin Bits: [0x00007f06c4240000, 0x00007f06c6120000)
 End Bits:   [0x00007f06c6120000, 0x00007f06c8000000)

Polling page: 0x00007f06e3e1a000

CodeCache: size=245760Kb used=4484Kb max_used=4495Kb free=241275Kb
 bounds [0x00007f06cd000000, 0x00007f06cd470000, 0x00007f06dc000000]
 total_blobs=1590 nmethods=1229 adapters=276
 compilation: enabled

Compilation events (10 events):
Event: 162.808 Thread 0x00007f06dc0bb000 1228   !   4       java.util.zip.ZipFile::getEntry (101 bytes)
Event: 162.809 Thread 0x00007f06dc0bd000 1229       3       sun.misc.ASCIICaseInsensitiveComparator::compare (126 bytes)
Event: 162.810 Thread 0x00007f06dc0b8000 1230   !   4       sun.misc.URLClassPath$JarLoader::ensureOpen (36 bytes)
Event: 162.810 Thread 0x00007f06dc0bd000 nmethod 1229 0x00007f06cd461b10 code [0x00007f06cd461d20, 0x00007f06cd462918]
Event: 162.810 Thread 0x00007f06dc0bd000 1232  s    3       java.net.URL::hashCode (30 bytes)
Event: 162.811 Thread 0x00007f06dc0bd000 nmethod 1232 0x00007f06cd45d710 code [0x00007f06cd45d880, 0x00007f06cd45dca8]
Event: 162.811 Thread 0x00007f06dc0bd000 1233       3       java.security.CodeSource::hashCode (17 bytes)
Event: 162.811 Thread 0x00007f06dc0bd000 nmethod 1233 0x00007f06cd45ce90 code [0x00007f06cd45d020, 0x00007f06cd45d588]
Event: 162.812 Thread 0x00007f06dc0b8000 nmethod 1230 0x00007f06cd460150 code [0x00007f06cd4602c0, 0x00007f06cd460408]
Event: 162.812 Thread 0x00007f06dc0b8000 1231       4       java.util.jar.JarFile::getEntry (22 bytes)

GC Heap History (10 events):
Event: 38.641 GC heap after
Heap after GC invocations=2 (full 0):
 PSYoungGen      total 68608K, used 3034K [0x00000000d6d80000, 0x00000000db580000, 0x0000000100000000)
  eden space 63488K, 0% used [0x00000000d6d80000,0x00000000d6d80000,0x00000000dab80000)
  from space 5120K, 59% used [0x00000000db080000,0x00000000db376970,0x00000000db580000)
  to   space 5120K, 0% used [0x00000000dab80000,0x00000000dab80000,0x00000000db080000)
 ParOldGen       total 84992K, used 32K [0x0000000084800000, 0x0000000089b00000, 0x00000000d6d80000)
  object space 84992K, 0% used [0x0000000084800000,0x0000000084808000,0x0000000089b00000)
 Metaspace       used 9072K, capacity 9312K, committed 9600K, reserved 1058816K
  class space    used 974K, capacity 1068K, committed 1152K, reserved 1048576K
}
Event: 46.020 GC heap before
{Heap before GC invocations=3 (full 0):
 PSYoungGen      total 68608K, used 66522K [0x00000000d6d80000, 0x00000000db580000, 0x0000000100000000)
  eden space 63488K, 100% used [0x00000000d6d80000,0x00000000dab80000,0x00000000dab80000)
  from space 5120K, 59% used [0x00000000db080000,0x00000000db376970,0x00000000db580000)
  to   space 5120K, 0% used [0x00000000dab80000,0x00000000dab80000,0x00000000db080000)
 ParOldGen       total 84992K, used 32K [0x0000000084800000, 0x0000000089b00000, 0x00000000d6d80000)
  object space 84992K, 0% used [0x0000000084800000,0x0000000084808000,0x0000000089b00000)
 Metaspace       used 9072K, capacity 9312K, committed 9600K, reserved 1058816K
  class space    used 974K, capacity 1068K, committed 1152K, reserved 1048576K
Event: 46.437 GC heap after
Heap after GC invocations=3 (full 0):
 PSYoungGen      total 68608K, used 3051K [0x00000000d6d80000, 0x00000000df380000, 0x0000000100000000)
  eden space 63488K, 0% used [0x00000000d6d80000,0x00000000d6d80000,0x00000000dab80000)
  from space 5120K, 59% used [0x00000000dab80000,0x00000000dae7ade0,0x00000000db080000)
  to   space 5120K, 0% used [0x00000000dee80000,0x00000000dee80000,0x00000000df380000)
 ParOldGen       total 84992K, used 40K [0x0000000084800000, 0x0000000089b00000, 0x00000000d6d80000)
  object space 84992K, 0% used [0x0000000084800000,0x000000008480a000,0x0000000089b00000)
 Metaspace       used 9072K, capacity 9312K, committed 9600K, reserved 1058816K
  class space    used 974K, capacity 1068K, committed 1152K, reserved 1048576K
}
Event: 53.230 GC heap before
{Heap before GC invocations=4 (full 0):
 PSYoungGen      total 68608K, used 66539K [0x00000000d6d80000, 0x00000000df380000, 0x0000000100000000)
  eden space 63488K, 100% used [0x00000000d6d80000,0x00000000dab80000,0x00000000dab80000)
  from space 5120K, 59% used [0x00000000dab80000,0x00000000dae7ade0,0x00000000db080000)
  to   space 5120K, 0% used [0x00000000dee80000,0x00000000dee80000,0x00000000df380000)
 ParOldGen       total 84992K, used 40K [0x0000000084800000, 0x0000000089b00000, 0x00000000d6d80000)
  object space 84992K, 0% used [0x0000000084800000,0x000000008480a000,0x0000000089b00000)
 Metaspace       used 9072K, capacity 9312K, committed 9600K, reserved 1058816K
  class space    used 974K, capacity 1068K, committed 1152K, reserved 1048576K
Event: 53.233 GC heap after
Heap after GC invocations=4 (full 0):
 PSYoungGen      total 132096K, used 3037K [0x00000000d6d80000, 0x00000000df380000, 0x0000000100000000)
  eden space 126976K, 0% used [0x00000000d6d80000,0x00000000d6d80000,0x00000000de980000)
  from space 5120K, 59% used [0x00000000dee80000,0x00000000df1774b8,0x00000000df380000)
  to   space 5120K, 0% used [0x00000000de980000,0x00000000de980000,0x00000000dee80000)
 ParOldGen       total 84992K, used 48K [0x0000000084800000, 0x0000000089b00000, 0x00000000d6d80000)
  object space 84992K, 0% used [0x0000000084800000,0x000000008480c000,0x0000000089b00000)
 Metaspace       used 9072K, capacity 9312K, committed 9600K, reserved 1058816K
  class space    used 974K, capacity 1068K, committed 1152K, reserved 1048576K
}
Event: 75.485 GC heap before
{Heap before GC invocations=5 (full 0):
 PSYoungGen      total 132096K, used 130013K [0x00000000d6d80000, 0x00000000df380000, 0x0000000100000000)
  eden space 126976K, 100% used [0x00000000d6d80000,0x00000000de980000,0x00000000de980000)
  from space 5120K, 59% used [0x00000000dee80000,0x00000000df1774b8,0x00000000df380000)
  to   space 5120K, 0% used [0x00000000de980000,0x00000000de980000,0x00000000dee80000)
 ParOldGen       total 84992K, used 48K [0x0000000084800000, 0x0000000089b00000, 0x00000000d6d80000)
  object space 84992K, 0% used [0x0000000084800000,0x000000008480c000,0x0000000089b00000)
 Metaspace       used 9073K, capacity 9312K, committed 9600K, reserved 1058816K
  class space    used 974K, capacity 1068K, committed 1152K, reserved 1048576K
Event: 75.488 GC heap after
Heap after GC invocations=5 (full 0):
 PSYoungGen      total 132096K, used 3034K [0x00000000d6d80000, 0x00000000e6c80000, 0x0000000100000000)
  eden space 126976K, 0% used [0x00000000d6d80000,0x00000000d6d80000,0x00000000de980000)
  from space 5120K, 59% used [0x00000000de980000,0x00000000dec76bb0,0x00000000dee80000)
  to   space 3584K, 0% used [0x00000000e6900000,0x00000000e6900000,0x00000000e6c80000)
 ParOldGen       total 84992K, used 48K [0x0000000084800000, 0x0000000089b00000, 0x00000000d6d80000)
  object space 84992K, 0% used [0x0000000084800000,0x000000008480c000,0x0000000089b00000)
 Metaspace       used 9073K, capacity 9312K, committed 9600K, reserved 1058816K
  class space    used 974K, capacity 1068K, committed 1152K, reserved 1048576K
}
Event: 99.326 GC heap before
{Heap before GC invocations=6 (full 0):
 PSYoungGen      total 132096K, used 130010K [0x00000000d6d80000, 0x00000000e6c80000, 0x0000000100000000)
  eden space 126976K, 100% used [0x00000000d6d80000,0x00000000de980000,0x00000000de980000)
  from space 5120K, 59% used [0x00000000de980000,0x00000000dec76bb0,0x00000000dee80000)
  to   space 3584K, 0% used [0x00000000e6900000,0x00000000e6900000,0x00000000e6c80000)
 ParOldGen       total 84992K, used 48K [0x0000000084800000, 0x0000000089b00000, 0x00000000d6d80000)
  object space 84992K, 0% used [0x0000000084800000,0x000000008480c000,0x0000000089b00000)
 Metaspace       used 9073K, capacity 9312K, committed 9600K, reserved 1058816K
  class space    used 974K, capacity 1068K, committed 1152K, reserved 1048576K
Event: 101.305 GC heap after
Heap after GC invocations=6 (full 0):
 PSYoungGen      total 257536K, used 3051K [0x00000000d6d80000, 0x00000000e6c80000, 0x0000000100000000)
  eden space 253952K, 0% used [0x00000000d6d80000,0x00000000d6d80000,0x00000000e6580000)
  from space 3584K, 85% used [0x00000000e6900000,0x00000000e6bfae00,0x00000000e6c80000)
  to   space 3584K, 0% used [0x00000000e6580000,0x00000000e6580000,0x00000000e6900000)
 ParOldGen       total 84992K, used 48K [0x0000000084800000, 0x0000000089b00000, 0x00000000d6d80000)
  object space 84992K, 0% used [0x0000000084800000,0x000000008480c000,0x0000000089b00000)
 Metaspace       used 9073K, capacity 9312K, committed 9600K, reserved 1058816K
  class space    used 974K, capacity 1068K, committed 1152K, reserved 1048576K
}
Event: 162.826 GC heap before
{Heap before GC invocations=7 (full 0):
 PSYoungGen      total 257536K, used 257003K [0x00000000d6d80000, 0x00000000e6c80000, 0x0000000100000000)
  eden space 253952K, 100% used [0x00000000d6d80000,0x00000000e6580000,0x00000000e6580000)
  from space 3584K, 85% used [0x00000000e6900000,0x00000000e6bfae00,0x00000000e6c80000)
  to   space 3584K, 0% used [0x00000000e6580000,0x00000000e6580000,0x00000000e6900000)
 ParOldGen       total 84992K, used 48K [0x0000000084800000, 0x0000000089b00000, 0x00000000d6d80000)
  object space 84992K, 0% used [0x0000000084800000,0x000000008480c000,0x0000000089b00000)
 Metaspace       used 10138K, capacity 10462K, committed 10496K, reserved 1058816K
  class space    used 1139K, capacity 1257K, committed 1280K, reserved 1048576K

Deoptimization events (10 events):
Event: 161.682 Thread 0x00007f06dc00a800 Uncommon trap: reason=class_check action=maybe_recompile pc=0x00007f06cd2809f0 method=java.util.HashMap.putVal(ILjava/lang/Object;Ljava/lang/Object;ZZ)Ljava/lang/Object; @ 91
Event: 161.682 Thread 0x00007f06dc00a800 Uncommon trap: reason=class_check action=maybe_recompile pc=0x00007f06cd2809f0 method=java.util.HashMap.putVal(ILjava/lang/Object;Ljava/lang/Object;ZZ)Ljava/lang/Object; @ 91
Event: 161.683 Thread 0x00007f06dc00a800 Uncommon trap: reason=class_check action=maybe_recompile pc=0x00007f06cd2809f0 method=java.util.HashMap.putVal(ILjava/lang/Object;Ljava/lang/Object;ZZ)Ljava/lang/Object; @ 91
Event: 161.683 Thread 0x00007f06dc00a800 Uncommon trap: reason=class_check action=maybe_recompile pc=0x00007f06cd2809f0 method=java.util.HashMap.putVal(ILjava/lang/Object;Ljava/lang/Object;ZZ)Ljava/lang/Object; @ 91
Event: 161.728 Thread 0x00007f06dc00a800 Uncommon trap: reason=unstable_if action=reinterpret pc=0x00007f06cd32c378 method=java.util.zip.ZipEntry.setExtra0([BZ)V @ 1
Event: 162.042 Thread 0x00007f06dc00a800 Uncommon trap: reason=class_check action=maybe_recompile pc=0x00007f06cd3bb580 method=java.io.FilterInputStream.read([B)I @ 5
Event: 162.043 Thread 0x00007f06dc00a800 Uncommon trap: reason=class_check action=maybe_recompile pc=0x00007f06cd3bb580 method=java.io.FilterInputStream.read([B)I @ 5
Event: 162.043 Thread 0x00007f06dc00a800 Uncommon trap: reason=class_check action=maybe_recompile pc=0x00007f06cd3bb580 method=java.io.FilterInputStream.read([B)I @ 5
Event: 162.043 Thread 0x00007f06dc00a800 Uncommon trap: reason=class_check action=maybe_recompile pc=0x00007f06cd43be6c method=java.util.regex.Matcher.match(II)Z @ 86
Event: 162.043 Thread 0x00007f06dc00a800 Uncommon trap: reason=unstable_if action=reinterpret pc=0x00007f06cd27984c method=java.util.regex.Pattern$BmpCharProperty.match(Ljava/util/regex/Matcher;ILjava/lang/CharSequence;)Z @ 5

Classes redefined (0 events):
No events

Internal exceptions (10 events):
Event: 24.281 Thread 0x00007f06dc00a800 Exception <a 'java/lang/NoSuchFieldError': method resolution failed> (0x00000000d7888fc8) thrown at [/build/openjdk-8-6jqSe7/openjdk-8-8u191-b12/src/hotspot/src/share/vm/prims/methodHandles.cpp, line 1167]
Event: 30.747 Thread 0x00007f06dc00a800 Implicit null exception at 0x00007f06cd2cffb8 to 0x00007f06cd2d00f5
Event: 114.834 Thread 0x00007f06dc27f800 Implicit null exception at 0x00007f06cd3ae43d to 0x00007f06cd3afa69
Event: 114.834 Thread 0x00007f06dc27f800 Implicit null exception at 0x00007f06cd38964f to 0x00007f06cd389804
Event: 114.835 Thread 0x00007f06dc27f800 Implicit null exception at 0x00007f06cd3984b8 to 0x00007f06cd398745
Event: 160.203 Thread 0x00007f06dc00a800 Implicit null exception at 0x00007f06cd4165aa to 0x00007f06cd41808d
Event: 160.550 Thread 0x00007f06dc00a800 Implicit null exception at 0x00007f06cd406188 to 0x00007f06cd406801
Event: 162.802 Thread 0x00007f06dc00a800 Exception <a 'java/lang/ArrayIndexOutOfBoundsException': 100> (0x00000000e6534f80) thrown at [/build/openjdk-8-6jqSe7/openjdk-8-8u191-b12/src/hotspot/src/share/vm/interpreter/interpreterRuntime.cpp, line 366]
Event: 162.807 Thread 0x00007f06dc00a800 Exception <a 'java/lang/ArrayIndexOutOfBoundsException': 18> (0x00000000e6535e68) thrown at [/build/openjdk-8-6jqSe7/openjdk-8-8u191-b12/src/hotspot/src/share/vm/interpreter/interpreterRuntime.cpp, line 366]
Event: 162.808 Thread 0x00007f06dc00a800 Exception <a 'java/lang/ArrayIndexOutOfBoundsException': 40> (0x00000000e6536a98) thrown at [/build/openjdk-8-6jqSe7/openjdk-8-8u191-b12/src/hotspot/src/share/vm/interpreter/interpreterRuntime.cpp, line 366]

Events (10 events):
Event: 162.812 loading class org/gradle/internal/reflect/NoSuchMethodException done
Event: 162.812 loading class org/gradle/internal/service/DefaultServiceRegistry$FactoryMethodService
Event: 162.812 loading class org/gradle/internal/service/DefaultServiceRegistry$FactoryMethodService done
Event: 162.813 loading class org/gradle/internal/service/DefaultServiceRegistry$FactoryService
Event: 162.813 loading class org/gradle/internal/service/DefaultServiceRegistry$FactoryService done
Event: 162.813 loading class org/gradle/internal/service/DefaultServiceRegistry$SingletonService
Event: 162.813 loading class org/gradle/internal/service/DefaultServiceRegistry$SingletonService done
Event: 162.814 loading class org/gradle/internal/service/DefaultServiceRegistry$ManagedObjectServiceProvider
Event: 162.814 loading class org/gradle/internal/service/DefaultServiceRegistry$ManagedObjectServiceProvider done
Event: 162.814 Executing VM operation: ParallelGCFailedAllocation


Dynamic libraries:
00400000-00401000 r-xp 00000000 08:04 1705960                            /usr/lib/jvm/java-8-openjdk-amd64/jre/bin/java
00600000-00601000 r--p 00000000 08:04 1705960                            /usr/lib/jvm/java-8-openjdk-amd64/jre/bin/java
00601000-00602000 rw-p 00001000 08:04 1705960                            /usr/lib/jvm/java-8-openjdk-amd64/jre/bin/java
00fd6000-00ff7000 rw-p 00000000 00:00 0                                  [heap]
84800000-89b00000 rw-p 00000000 00:00 0 
89b00000-d6d80000 ---p 00000000 00:00 0 
d6d80000-e6c80000 rw-p 00000000 00:00 0 
fb680000-100000000 ---p 00000000 00:00 0 
100000000-100140000 rw-p 00000000 00:00 0 
100140000-140000000 ---p 00000000 00:00 0 
7f0688000000-7f0688021000 rw-p 00000000 00:00 0 
7f0688021000-7f068c000000 ---p 00000000 00:00 0 
7f068cfff000-7f0690000000 rw-p 00000000 00:00 0 
7f0690000000-7f0690021000 rw-p 00000000 00:00 0 
7f0690021000-7f0694000000 ---p 00000000 00:00 0 
7f0694000000-7f0694021000 rw-p 00000000 00:00 0 
7f0694021000-7f0698000000 ---p 00000000 00:00 0 
7f0698000000-7f069824a000 rw-p 00000000 00:00 0 
7f069824a000-7f069c000000 ---p 00000000 00:00 0 
7f069c000000-7f069c32f000 rw-p 00000000 00:00 0 
7f069c32f000-7f06a0000000 ---p 00000000 00:00 0 
7f06a0000000-7f06a0021000 rw-p 00000000 00:00 0 
7f06a0021000-7f06a4000000 ---p 00000000 00:00 0 
7f06a4000000-7f06a4886000 rw-p 00000000 00:00 0 
7f06a4886000-7f06a8000000 ---p 00000000 00:00 0 
7f06a8000000-7f06a8021000 rw-p 00000000 00:00 0 
7f06a8021000-7f06ac000000 ---p 00000000 00:00 0 
7f06ac000000-7f06ac021000 rw-p 00000000 00:00 0 
7f06ac021000-7f06b0000000 ---p 00000000 00:00 0 
7f06b0000000-7f06b0021000 rw-p 00000000 00:00 0 
7f06b0021000-7f06b4000000 ---p 00000000 00:00 0 
7f06b4000000-7f06b4021000 rw-p 00000000 00:00 0 
7f06b4021000-7f06b8000000 ---p 00000000 00:00 0 
7f06b8000000-7f06b8021000 rw-p 00000000 00:00 0 
7f06b8021000-7f06bc000000 ---p 00000000 00:00 0 
7f06bc6cb000-7f06bc6cc000 r--s 00006000 08:04 9841354                    /home/pradeepta/.gradle/wrapper/dists/gradle-4.7-all/4cret0dgl5o3b21weaoncl7ys/gradle-4.7/lib/gradle-wrapper-4.7.jar
7f06bc6cc000-7f06bc6da000 r--s 00046000 08:04 9841353                    /home/pradeepta/.gradle/wrapper/dists/gradle-4.7-all/4cret0dgl5o3b21weaoncl7ys/gradle-4.7/lib/gradle-tooling-api-4.7.jar
7f06bc6da000-7f06bc6dc000 r--s 00002000 08:04 9841350                    /home/pradeepta/.gradle/wrapper/dists/gradle-4.7-all/4cret0dgl5o3b21weaoncl7ys/gradle-4.7/lib/kotlin-stdlib-jdk8-1.2.31.jar
7f06bc6dc000-7f06bc6dd000 r--s 00000000 08:04 9841349                    /home/pradeepta/.gradle/wrapper/dists/gradle-4.7-all/4cret0dgl5o3b21weaoncl7ys/gradle-4.7/lib/kotlin-stdlib-jdk7-1.2.31.jar
7f06bc6dd000-7f06bc6ec000 r--s 000d7000 08:04 9841348                    /home/pradeepta/.gradle/wrapper/dists/gradle-4.7-all/4cret0dgl5o3b21weaoncl7ys/gradle-4.7/lib/kotlin-stdlib-1.2.31.jar
7f06bc6ec000-7f06bc6ee000 r--s 00008000 08:04 9841347                    /home/pradeepta/.gradle/wrapper/dists/gradle-4.7-all/4cret0dgl5o3b21weaoncl7ys/gradle-4.7/lib/kotlin-script-runtime-1.2.31.jar
7f06bc6ee000-7f06bc6ef000 r--s 00002000 08:04 9841346                    /home/pradeepta/.gradle/wrapper/dists/gradle-4.7-all/4cret0dgl5o3b21weaoncl7ys/gradle-4.7/lib/kotlin-sam-with-receiver-compiler-plugin-1.2.31.jar
7f06bc6ef000-7f06bc723000 r--s 00245000 08:04 9841345                    /home/pradeepta/.gradle/wrapper/dists/gradle-4.7-all/4cret0dgl5o3b21weaoncl7ys/gradle-4.7/lib/kotlin-reflect-1.2.31.jar
7f06bc723000-7f06bc8dc000 r--s 01869000 08:04 9841344                    /home/pradeepta/.gradle/wrapper/dists/gradle-4.7-all/4cret0dgl5o3b21weaoncl7ys/gradle-4.7/lib/kotlin-compiler-embeddable-1.2.31.jar
7f06bc8dc000-7f06bc8de000 r--s 00000000 08:04 9841343                    /home/pradeepta/.gradle/wrapper/dists/gradle-4.7-all/4cret0dgl5o3b21weaoncl7ys/gradle-4.7/lib/gradle-kotlin-dsl-tooling-models-0.16.3.jar
7f06bc8de000-7f06bc8e0000 r--s 00003000 08:04 9841340                    /home/pradeepta/.gradle/wrapper/dists/gradle-4.7-all/4cret0dgl5o3b21weaoncl7ys/gradle-4.7/lib/annotations-13.0.jar
7f06bc8e0000-7f06bc8ef000 r--s 000b1000 08:04 9841341                    /home/pradeepta/.gradle/wrapper/dists/gradle-4.7-all/4cret0dgl5o3b21weaoncl7ys/gradle-4.7/lib/gradle-kotlin-dsl-0.16.3.jar
7f06bc8ef000-7f06bc8f3000 r--s 00013000 08:04 9841359                    /home/pradeepta/.gradle/wrapper/dists/gradle-4.7-all/4cret0dgl5o3b21weaoncl7ys/gradle-4.7/lib/gradle-build-cache-4.7.jar
7f06bc8f3000-7f06bc8f9000 r--s 0002e000 08:04 9841363                    /home/pradeepta/.gradle/wrapper/dists/gradle-4.7-all/4cret0dgl5o3b21weaoncl7ys/gradle-4.7/lib/gradle-persistent-cache-4.7.jar
7f06bc8f9000-7f06bc8fd000 r--s 00014000 08:04 9841362                    /home/pradeepta/.gradle/wrapper/dists/gradle-4.7-all/4cret0dgl5o3b21weaoncl7ys/gradle-4.7/lib/gradle-resources-4.7.jar
7f06bc8fd000-7f06bc8fe000 r--s 00003000 08:04 9841370                    /home/pradeepta/.gradle/wrapper/dists/gradle-4.7-all/4cret0dgl5o3b21weaoncl7ys/gradle-4.7/lib/gradle-build-option-4.7.jar
7f06bc8fe000-7f06bc900000 r--s 00005000 08:04 9841371                    /home/pradeepta/.gradle/wrapper/dists/gradle-4.7-all/4cret0dgl5o3b21weaoncl7ys/gradle-4.7/lib/gradle-cli-4.7.jar
7f06bc900000-7f06bc902000 r--s 00004000 08:04 9841382                    /home/pradeepta/.gradle/wrapper/dists/gradle-4.7-all/4cret0dgl5o3b21weaoncl7ys/gradle-4.7/lib/log4j-over-slf4j-1.7.16.jar
7f06bc902000-7f06bc904000 r--s 00000000 08:04 9841381                    /home/pradeepta/.gradle/wrapper/dists/gradle-4.7-all/4cret0dgl5o3b21weaoncl7ys/gradle-4.7/lib/jul-to-slf4j-1.7.16.jar
7f06bc904000-7f06bc906000 r--s 00003000 08:04 9841380                    /home/pradeepta/.gradle/wrapper/dists/gradle-4.7-all/4cret0dgl5o3b21weaoncl7ys/gradle-4.7/lib/jcl-over-slf4j-1.7.16.jar
7f06bc906000-7f06bc90d000 r--s 00032000 08:04 9841360                    /home/pradeepta/.gradle/wrapper/dists/gradle-4.7-all/4cret0dgl5o3b21weaoncl7ys/gradle-4.7/lib/gradle-logging-4.7.jar
7f06bc90d000-7f06bc91c000 r--s 00083000 08:04 9841366                    /home/pradeepta/.gradle/wrapper/dists/gradle-4.7-all/4cret0dgl5o3b21weaoncl7ys/gradle-4.7/lib/gradle-model-core-4.7.jar
7f06bc91c000-7f06bc91e000 r--s 00006000 08:04 9841367                    /home/pradeepta/.gradle/wrapper/dists/gradle-4.7-all/4cret0dgl5o3b21weaoncl7ys/gradle-4.7/lib/gradle-base-services-groovy-4.7.jar
7f06bc91e000-7f06bc920000 r--s 00007000 08:04 9841365                    /home/pradeepta/.gradle/wrapper/dists/gradle-4.7-all/4cret0dgl5o3b21weaoncl7ys/gradle-4.7/lib/gradle-model-groovy-4.7.jar
7f06bc920000-7f06bc921000 r--s 00002000 08:04 9841372                    /home/pradeepta/.gradle/wrapper/dists/gradle-4.7-all/4cret0dgl5o3b21weaoncl7ys/gradle-4.7/lib/gradle-docs-4.7.jar
7f06bc921000-7f06bc92a000 r--s 0002d000 08:04 9841429                    /home/pradeepta/.gradle/wrapper/dists/gradle-4.7-all/4cret0dgl5o3b21weaoncl7ys/gradle-4.7/lib/xml-apis-1.4.01.jar
7f06bc92a000-7f06bc92b000 r--s 00000000 08:04 9841394                    /home/pradeepta/.gradle/wrapper/dists/gradle-4.7-all/4cret0dgl5o3b21weaoncl7ys/gradle-4.7/lib/javax.inject-1.jar
7f06bc92b000-7f06bc99b000 r--s 00646000 08:04 9841390                    /home/pradeepta/.gradle/wrapper/dists/gradle-4.7-all/4cret0dgl5o3b21weaoncl7ys/gradle-4.7/lib/groovy-all-2.4.12.jar
7f06bc99b000-7f06bc9a5000 r--s 00078000 08:04 9841398                    /home/pradeepta/.gradle/wrapper/dists/gradle-4.7-all/4cret0dgl5o3b21weaoncl7ys/gradle-4.7/lib/commons-compress-1.14.jar
7f06bc9a5000-7f06bc9b2000 r--s 00083000 08:04 9841395                    /home/pradeepta/.gradle/wrapper/dists/gradle-4.7-all/4cret0dgl5o3b21weaoncl7ys/gradle-4.7/lib/commons-collections-3.2.2.jar
7f06bc9b2000-7f06bc9b3000 r--s 00007000 08:04 9841374                    /home/pradeepta/.gradle/wrapper/dists/gradle-4.7-all/4cret0dgl5o3b21weaoncl7ys/gradle-4.7/lib/asm-analysis-6.1.1.jar
7f06bc9b3000-7f06bc9b5000 r--s 0000b000 08:04 9841375                    /home/pradeepta/.gradle/wrapper/dists/gradle-4.7-all/4cret0dgl5o3b21weaoncl7ys/gradle-4.7/lib/asm-tree-6.1.1.jar
7f06bc9b5000-7f06bc9b6000 r--s 00012000 08:04 9841373                    /home/pradeepta/.gradle/wrapper/dists/gradle-4.7-all/4cret0dgl5o3b21weaoncl7ys/gradle-4.7/lib/asm-commons-6.1.1.jar
7f06bc9b6000-7f06bc9b7000 r--s 00004000 08:04 9841460                    /home/pradeepta/.gradle/wrapper/dists/gradle-4.7-all/4cret0dgl5o3b21weaoncl7ys/gradle-4.7/lib/native-platform-freebsd-amd64-libcpp-0.14.jar
7f06bc9b7000-7f06bc9b8000 r--s 00004000 08:04 9841461                    /home/pradeepta/.gradle/wrapper/dists/gradle-4.7-all/4cret0dgl5o3b21weaoncl7ys/gradle-4.7/lib/native-platform-freebsd-amd64-libstdcpp-0.14.jar
7f06bc9b8000-7f06bc9b9000 r--s 00004000 08:04 9841462                    /home/pradeepta/.gradle/wrapper/dists/gradle-4.7-all/4cret0dgl5o3b21weaoncl7ys/gradle-4.7/lib/native-platform-freebsd-i386-libcpp-0.14.jar
7f06bc9b9000-7f06bc9ba000 r--s 00003000 08:04 9841463                    /home/pradeepta/.gradle/wrapper/dists/gradle-4.7-all/4cret0dgl5o3b21weaoncl7ys/gradle-4.7/lib/native-platform-freebsd-i386-libstdcpp-0.14.jar
7f06bc9ba000-7f06bc9bb000 r--s 00002000 08:04 9841464                    /home/pradeepta/.gradle/wrapper/dists/gradle-4.7-all/4cret0dgl5o3b21weaoncl7ys/gradle-4.7/lib/native-platform-linux-amd64-0.14.jar
7f06bc9bb000-7f06bc9bc000 r--s 00002000 08:04 9841465                    /home/pradeepta/.gradle/wrapper/dists/gradle-4.7-all/4cret0dgl5o3b21weaoncl7ys/gradle-4.7/lib/native-platform-linux-i386-0.14.jar
7f06bc9bc000-7f06bc9be000 r--s 00002000 08:04 9841466                    /home/pradeepta/.gradle/wrapper/dists/gradle-4.7-all/4cret0dgl5o3b21weaoncl7ys/gradle-4.7/lib/native-platform-osx-amd64-0.14.jar
7f06bc9be000-7f06bc9bf000 r--s 00003000 08:04 9841467                    /home/pradeepta/.gradle/wrapper/dists/gradle-4.7-all/4cret0dgl5o3b21weaoncl7ys/gradle-4.7/lib/native-platform-osx-i386-0.14.jar
7f06bc9bf000-7f06bc9c1000 r--s 0000b000 08:04 9841468                    /home/pradeepta/.gradle/wrapper/dists/gradle-4.7-all/4cret0dgl5o3b21weaoncl7ys/gradle-4.7/lib/native-platform-windows-amd64-0.14.jar
7f06bc9c1000-7f06bc9c2000 r--s 0000b000 08:04 9841469                    /home/pradeepta/.gradle/wrapper/dists/gradle-4.7-all/4cret0dgl5o3b21weaoncl7ys/gradle-4.7/lib/native-platform-windows-i386-0.14.jar
7f06bc9c2000-7f06bc9c3000 r--s 00001000 08:04 9841470                    /home/pradeepta/.gradle/wrapper/dists/gradle-4.7-all/4cret0dgl5o3b21weaoncl7ys/gradle-4.7/lib/native-platform-linux-amd64-ncurses5-0.14.jar
7f06bc9c3000-7f06bc9c4000 r--s 00001000 08:04 9841471                    /home/pradeepta/.gradle/wrapper/dists/gradle-4.7-all/4cret0dgl5o3b21weaoncl7ys/gradle-4.7/lib/native-platform-linux-amd64-ncurses6-0.14.jar
7f06bc9c4000-7f06bc9c5000 r--s 00001000 08:04 9841472                    /home/pradeepta/.gradle/wrapper/dists/gradle-4.7-all/4cret0dgl5o3b21weaoncl7ys/gradle-4.7/lib/native-platform-linux-i386-ncurses5-0.14.jar
7f06bc9c5000-7f06bc9c6000 r--s 00001000 08:04 9841473                    /home/pradeepta/.gradle/wrapper/dists/gradle-4.7-all/4cret0dgl5o3b21weaoncl7ys/gradle-4.7/lib/native-platform-linux-i386-ncurses6-0.14.jar
7f06bc9c6000-7f06bc9ca000 r--s 00012000 08:04 9841396                    /home/pradeepta/.gradle/wrapper/dists/gradle-4.7-all/4cret0dgl5o3b21weaoncl7ys/gradle-4.7/lib/native-platform-0.14.jar
7f06bc9ca000-7f06bc9cd000 r--s 00023000 08:04 9841456                    /home/pradeepta/.gradle/wrapper/dists/gradle-4.7-all/4cret0dgl5o3b21weaoncl7ys/gradle-4.7/lib/jansi-1.14.jar
7f06bc9cd000-7f06bc9d0000 r--s 0000c000 08:04 9841364                    /home/pradeepta/.gradle/wrapper/dists/gradle-4.7-all/4cret0dgl5o3b21weaoncl7ys/gradle-4.7/lib/gradle-native-4.7.jar
7f06bc9d0000-7f06bc9d2000 r--s 0000f000 08:04 9841377                    /home/pradeepta/.gradle/wrapper/dists/gradle-4.7-all/4cret0dgl5o3b21weaoncl7ys/gradle-4.7/lib/reflectasm-1.07-shaded.jar
7f06bc9d2000-7f06bc9d4000 r--s 00000000 08:04 9841474                    /home/pradeepta/.gradle/wrapper/dists/gradle-4.7-all/4cret0dgl5o3b21weaoncl7ys/gradle-4.7/lib/minlog-1.2.jar
7f06bc9d4000-7f06bc9d6000 r--s 00007000 08:04 9841475                    /home/pradeepta/.gradle/wrapper/dists/gradle-4.7-all/4cret0dgl5o3b21weaoncl7ys/gradle-4.7/lib/objenesis-1.2.jar
7f06bc9d6000-7f06bc9da000 r--s 00026000 08:04 9841376                    /home/pradeepta/.gradle/wrapper/dists/gradle-4.7-all/4cret0dgl5o3b21weaoncl7ys/gradle-4.7/lib/kryo-2.20.jar
7f06bc9da000-7f06bc9e1000 r--s 0002b000 08:04 9841368                    /home/pradeepta/.gradle/wrapper/dists/gradle-4.7-all/4cret0dgl5o3b21weaoncl7ys/gradle-4.7/lib/gradle-messaging-4.7.jar
7f06bc9e1000-7f06bc9e3000 r--s 00006000 08:04 9841361                    /home/pradeepta/.gradle/wrapper/dists/gradle-4.7-all/4cret0dgl5o3b21weaoncl7ys/gradle-4.7/lib/gradle-process-services-4.7.jar
7f06bc9e3000-7f06bc9e5000 r--s 00000000 08:04 9841357                    /home/pradeepta/.gradle/wrapper/dists/gradle-4.7-all/4cret0dgl5o3b21weaoncl7ys/gradle-4.7/lib/gradle-jvm-services-4.7.jar
7f06bc9e5000-7f06bc9e7000 r--s 00006000 08:04 9841386                    /home/pradeepta/.gradle/wrapper/dists/gradle-4.7-all/4cret0dgl5o3b21weaoncl7ys/gradle-4.7/lib/jsr305-2.0.1.jar
7f06bc9e7000-7f06bca0f000 r--s 001cf000 08:04 9841384                    /home/pradeepta/.gradle/wrapper/dists/gradle-4.7-all/4cret0dgl5o3b21weaoncl7ys/gradle-4.7/lib/guava-jdk5-17.0.jar
7f06bca0f000-7f06bca14000 r--s 00041000 08:04 9841388                    /home/pradeepta/.gradle/wrapper/dists/gradle-4.7-all/4cret0dgl5o3b21weaoncl7ys/gradle-4.7/lib/commons-lang-2.6.jar
7f06bca14000-7f06bca18000 r--s 0002a000 08:04 9841379                    /home/pradeepta/.gradle/wrapper/dists/gradle-4.7-all/4cret0dgl5o3b21weaoncl7ys/gradle-4.7/lib/commons-io-2.4.jar
7f06bca18000-7f06bca37000 r--s 001d5000 08:04 9841392                    /home/pradeepta/.gradle/wrapper/dists/gradle-4.7-all/4cret0dgl5o3b21weaoncl7ys/gradle-4.7/lib/ant-1.9.9.jar
7f06bca37000-7f06bca76000 r--s 0021e000 08:04 9841356                    /home/pradeepta/.gradle/wrapper/dists/gradle-4.7-all/4cret0dgl5o3b21weaoncl7ys/gradle-4.7/lib/gradle-core-4.7.jar
7f06bca76000-7f06bca79000 ---p 00000000 00:00 0 
7f06bca79000-7f06bcbaf000 rw-p 00000000 00:00 0 
7f06bcbaf000-7f06bccb2000 ---p 00000000 00:00 0 
7f06bccb2000-7f06bcdb0000 rw-p 00000000 00:00 0 
7f06bcdb0000-7f06bcdc7000 r-xp 00000000 08:04 8262390                    /lib/x86_64-linux-gnu/libresolv-2.23.so
7f06bcdc7000-7f06bcfc7000 ---p 00017000 08:04 8262390                    /lib/x86_64-linux-gnu/libresolv-2.23.so
7f06bcfc7000-7f06bcfc8000 r--p 00017000 08:04 8262390                    /lib/x86_64-linux-gnu/libresolv-2.23.so
7f06bcfc8000-7f06bcfc9000 rw-p 00018000 08:04 8262390                    /lib/x86_64-linux-gnu/libresolv-2.23.so
7f06bcfc9000-7f06bcfcb000 rw-p 00000000 00:00 0 
7f06bcfcb000-7f06bcfd0000 r-xp 00000000 08:04 8262335                    /lib/x86_64-linux-gnu/libnss_dns-2.23.so
7f06bcfd0000-7f06bd1d0000 ---p 00005000 08:04 8262335                    /lib/x86_64-linux-gnu/libnss_dns-2.23.so
7f06bd1d0000-7f06bd1d1000 r--p 00005000 08:04 8262335                    /lib/x86_64-linux-gnu/libnss_dns-2.23.so
7f06bd1d1000-7f06bd1d2000 rw-p 00006000 08:04 8262335                    /lib/x86_64-linux-gnu/libnss_dns-2.23.so
7f06bd1d2000-7f06bd1d4000 r-xp 00000000 08:04 8262343                    /lib/x86_64-linux-gnu/libnss_mdns4_minimal.so.2
7f06bd1d4000-7f06bd3d3000 ---p 00002000 08:04 8262343                    /lib/x86_64-linux-gnu/libnss_mdns4_minimal.so.2
7f06bd3d3000-7f06bd3d4000 r--p 00001000 08:04 8262343                    /lib/x86_64-linux-gnu/libnss_mdns4_minimal.so.2
7f06bd3d4000-7f06bd3d5000 rw-p 00002000 08:04 8262343                    /lib/x86_64-linux-gnu/libnss_mdns4_minimal.so.2
7f06bd3d5000-7f06bd3fd000 r-xp 00000000 08:04 1705949                    /usr/lib/jvm/java-8-openjdk-amd64/jre/lib/amd64/libsunec.so
7f06bd3fd000-7f06bd5fd000 ---p 00028000 08:04 1705949                    /usr/lib/jvm/java-8-openjdk-amd64/jre/lib/amd64/libsunec.so
7f06bd5fd000-7f06bd601000 r--p 00028000 08:04 1705949                    /usr/lib/jvm/java-8-openjdk-amd64/jre/lib/amd64/libsunec.so
7f06bd601000-7f06bd602000 rw-p 0002c000 08:04 1705949                    /usr/lib/jvm/java-8-openjdk-amd64/jre/lib/amd64/libsunec.so
7f06bd602000-7f06bd613000 r-xp 00000000 08:04 1705950                    /usr/lib/jvm/java-8-openjdk-amd64/jre/lib/amd64/libnio.so
7f06bd613000-7f06bd813000 ---p 00011000 08:04 1705950                    /usr/lib/jvm/java-8-openjdk-amd64/jre/lib/amd64/libnio.so
7f06bd813000-7f06bd814000 r--p 00011000 08:04 1705950                    /usr/lib/jvm/java-8-openjdk-amd64/jre/lib/amd64/libnio.so
7f06bd814000-7f06bd815000 rw-p 00012000 08:04 1705950                    /usr/lib/jvm/java-8-openjdk-amd64/jre/lib/amd64/libnio.so
7f06bd815000-7f06bd82c000 r-xp 00000000 08:04 1705919                    /usr/lib/jvm/java-8-openjdk-amd64/jre/lib/amd64/libnet.so
7f06bd82c000-7f06bda2b000 ---p 00017000 08:04 1705919                    /usr/lib/jvm/java-8-openjdk-amd64/jre/lib/amd64/libnet.so
7f06bda2b000-7f06bda2c000 r--p 00016000 08:04 1705919                    /usr/lib/jvm/java-8-openjdk-amd64/jre/lib/amd64/libnet.so
7f06bda2c000-7f06bda2d000 rw-p 00017000 08:04 1705919                    /usr/lib/jvm/java-8-openjdk-amd64/jre/lib/amd64/libnet.so
7f06bda2d000-7f06bda2e000 ---p 00000000 00:00 0 
7f06bda2e000-7f06bdb2e000 rw-p 00000000 00:00 0 
7f06bdb2e000-7f06bdb31000 ---p 00000000 00:00 0 
7f06bdb31000-7f06bdc2f000 rw-p 00000000 00:00 0 
7f06bdc2f000-7f06bdc32000 ---p 00000000 00:00 0 
7f06bdc32000-7f06bdd30000 rw-p 00000000 00:00 0 
7f06bdd30000-7f06bdd33000 ---p 00000000 00:00 0 
7f06bdd33000-7f06bde31000 rw-p 00000000 00:00 0 
7f06bde31000-7f06bde34000 ---p 00000000 00:00 0 
7f06bde34000-7f06bdf32000 rw-p 00000000 00:00 0 
7f06bdf32000-7f06bdf35000 ---p 00000000 00:00 0 
7f06bdf35000-7f06be033000 rw-p 00000000 00:00 0 
7f06be033000-7f06be9f2000 r--p 00000000 08:04 11279368                   /usr/lib/locale/locale-archive
7f06be9f2000-7f06be9f5000 ---p 00000000 00:00 0 
7f06be9f5000-7f06beaf3000 rw-p 00000000 00:00 0 
7f06beaf3000-7f06beaf6000 ---p 00000000 00:00 0 
7f06beaf6000-7f06bebf4000 rw-p 00000000 00:00 0 
7f06bebf4000-7f06bebf5000 ---p 00000000 00:00 0 
7f06bebf5000-7f06c0000000 rw-p 00000000 00:00 0 
7f06c0000000-7f06c0021000 rw-p 00000000 00:00 0 
7f06c0021000-7f06c4000000 ---p 00000000 00:00 0 
7f06c4000000-7f06c4003000 r--s 0001a000 08:04 9841387                    /home/pradeepta/.gradle/wrapper/dists/gradle-4.7-all/4cret0dgl5o3b21weaoncl7ys/gradle-4.7/lib/fastutil-7.2.1-min.jar
7f06c4003000-7f06c4010000 r--s 00035000 08:04 9841358                    /home/pradeepta/.gradle/wrapper/dists/gradle-4.7-all/4cret0dgl5o3b21weaoncl7ys/gradle-4.7/lib/gradle-core-api-4.7.jar
7f06c4010000-7f06c4023000 r--s 00346000 08:04 1705953                    /usr/lib/jvm/java-8-openjdk-amd64/jre/lib/resources.jar
7f06c4023000-7f06c403e000 r--s 001d6000 08:04 1704731                    /usr/lib/jvm/java-8-openjdk-amd64/jre/lib/ext/nashorn.jar
7f06c403e000-7f06c8000000 rw-p 00000000 00:00 0 
7f06c8000000-7f06c8021000 rw-p 00000000 00:00 0 
7f06c8021000-7f06cc000000 ---p 00000000 00:00 0 
7f06cc000000-7f06cc001000 r--s 00000000 08:04 9841389                    /home/pradeepta/.gradle/wrapper/dists/gradle-4.7-all/4cret0dgl5o3b21weaoncl7ys/gradle-4.7/lib/jcip-annotations-1.0.jar
7f06cc001000-7f06cc003000 r--s 00019000 08:04 9841378                    /home/pradeepta/.gradle/wrapper/dists/gradle-4.7-all/4cret0dgl5o3b21weaoncl7ys/gradle-4.7/lib/asm-6.1.1.jar
7f06cc003000-7f06cc004000 r--s 00009000 08:04 9841383                    /home/pradeepta/.gradle/wrapper/dists/gradle-4.7-all/4cret0dgl5o3b21weaoncl7ys/gradle-4.7/lib/slf4j-api-1.7.16.jar
7f06cc004000-7f06cc010000 r--s 0005b000 08:04 9841369                    /home/pradeepta/.gradle/wrapper/dists/gradle-4.7-all/4cret0dgl5o3b21weaoncl7ys/gradle-4.7/lib/gradle-base-services-4.7.jar
7f06cc010000-7f06cc02b000 r--s 00394000 08:04 1704737                    /usr/lib/jvm/java-8-openjdk-amd64/jre/lib/ext/cldrdata.jar
7f06cc02b000-7f06cc2ff000 rw-p 00000000 00:00 0 
7f06cc2ff000-7f06cc4ce000 r--s 03c33000 08:04 1705911                    /usr/lib/jvm/java-8-openjdk-amd64/jre/lib/rt.jar
7f06cc4ce000-7f06cc920000 rw-p 00000000 00:00 0 
7f06cc920000-7f06cc921000 ---p 00000000 00:00 0 
7f06cc921000-7f06cca21000 rw-p 00000000 00:00 0 
7f06cca21000-7f06cca22000 ---p 00000000 00:00 0 
7f06cca22000-7f06ccb22000 rw-p 00000000 00:00 0 
7f06ccb22000-7f06ccb23000 ---p 00000000 00:00 0 
7f06ccb23000-7f06ccc4d000 rw-p 00000000 00:00 0 
7f06ccc4d000-7f06cceb5000 ---p 00000000 00:00 0 
7f06cceb5000-7f06ccf36000 rw-p 00000000 00:00 0 
7f06ccf36000-7f06ccfff000 ---p 00000000 00:00 0 
7f06ccfff000-7f06cd000000 rw-p 00000000 00:00 0 
7f06cd000000-7f06cd470000 rwxp 00000000 00:00 0 
7f06cd470000-7f06dc000000 ---p 00000000 00:00 0 
7f06dc000000-7f06dc6e7000 rw-p 00000000 00:00 0 
7f06dc6e7000-7f06e0000000 ---p 00000000 00:00 0 
7f06e0000000-7f06e000d000 r--s 00063000 08:04 9841351                    /home/pradeepta/.gradle/wrapper/dists/gradle-4.7-all/4cret0dgl5o3b21weaoncl7ys/gradle-4.7/lib/gradle-launcher-4.7.jar
7f06e000d000-7f06e000f000 r--s 00016000 08:04 1704744                    /usr/lib/jvm/java-8-openjdk-amd64/jre/lib/jce.jar
7f06e000f000-7f06e0010000 ---p 00000000 00:00 0 
7f06e0010000-7f06e013a000 rw-p 00000000 00:00 0 
7f06e013a000-7f06e03a3000 ---p 00000000 00:00 0 
7f06e03a3000-7f06e03b5000 rw-p 00000000 00:00 0 
7f06e03b5000-7f06e0763000 ---p 00000000 00:00 0 
7f06e0763000-7f06e076b000 r-xp 00000000 08:04 1705929                    /usr/lib/jvm/java-8-openjdk-amd64/jre/lib/amd64/libzip.so
7f06e076b000-7f06e096a000 ---p 00008000 08:04 1705929                    /usr/lib/jvm/java-8-openjdk-amd64/jre/lib/amd64/libzip.so
7f06e096a000-7f06e096b000 r--p 00007000 08:04 1705929                    /usr/lib/jvm/java-8-openjdk-amd64/jre/lib/amd64/libzip.so
7f06e096b000-7f06e096c000 rw-p 00008000 08:04 1705929                    /usr/lib/jvm/java-8-openjdk-amd64/jre/lib/amd64/libzip.so
7f06e096c000-7f06e0977000 r-xp 00000000 08:04 8262337                    /lib/x86_64-linux-gnu/libnss_files-2.23.so
7f06e0977000-7f06e0b76000 ---p 0000b000 08:04 8262337                    /lib/x86_64-linux-gnu/libnss_files-2.23.so
7f06e0b76000-7f06e0b77000 r--p 0000a000 08:04 8262337                    /lib/x86_64-linux-gnu/libnss_files-2.23.so
7f06e0b77000-7f06e0b78000 rw-p 0000b000 08:04 8262337                    /lib/x86_64-linux-gnu/libnss_files-2.23.so
7f06e0b78000-7f06e0b7e000 rw-p 00000000 00:00 0 
7f06e0b7e000-7f06e0b89000 r-xp 00000000 08:04 8262347                    /lib/x86_64-linux-gnu/libnss_nis-2.23.so
7f06e0b89000-7f06e0d88000 ---p 0000b000 08:04 8262347                    /lib/x86_64-linux-gnu/libnss_nis-2.23.so
7f06e0d88000-7f06e0d89000 r--p 0000a000 08:04 8262347                    /lib/x86_64-linux-gnu/libnss_nis-2.23.so
7f06e0d89000-7f06e0d8a000 rw-p 0000b000 08:04 8262347                    /lib/x86_64-linux-gnu/libnss_nis-2.23.so
7f06e0d8a000-7f06e0da0000 r-xp 00000000 08:04 8262331                    /lib/x86_64-linux-gnu/libnsl-2.23.so
7f06e0da0000-7f06e0f9f000 ---p 00016000 08:04 8262331                    /lib/x86_64-linux-gnu/libnsl-2.23.so
7f06e0f9f000-7f06e0fa0000 r--p 00015000 08:04 8262331                    /lib/x86_64-linux-gnu/libnsl-2.23.so
7f06e0fa0000-7f06e0fa1000 rw-p 00016000 08:04 8262331                    /lib/x86_64-linux-gnu/libnsl-2.23.so
7f06e0fa1000-7f06e0fa3000 rw-p 00000000 00:00 0 
7f06e0fa3000-7f06e0fab000 r-xp 00000000 08:04 8262333                    /lib/x86_64-linux-gnu/libnss_compat-2.23.so
7f06e0fab000-7f06e11aa000 ---p 00008000 08:04 8262333                    /lib/x86_64-linux-gnu/libnss_compat-2.23.so
7f06e11aa000-7f06e11ab000 r--p 00007000 08:04 8262333                    /lib/x86_64-linux-gnu/libnss_compat-2.23.so
7f06e11ab000-7f06e11ac000 rw-p 00008000 08:04 8262333                    /lib/x86_64-linux-gnu/libnss_compat-2.23.so
7f06e11ac000-7f06e11d9000 r-xp 00000000 08:04 1705933                    /usr/lib/jvm/java-8-openjdk-amd64/jre/lib/amd64/libjava.so
7f06e11d9000-7f06e13d8000 ---p 0002d000 08:04 1705933                    /usr/lib/jvm/java-8-openjdk-amd64/jre/lib/amd64/libjava.so
7f06e13d8000-7f06e13d9000 r--p 0002c000 08:04 1705933                    /usr/lib/jvm/java-8-openjdk-amd64/jre/lib/amd64/libjava.so
7f06e13d9000-7f06e13db000 rw-p 0002d000 08:04 1705933                    /usr/lib/jvm/java-8-openjdk-amd64/jre/lib/amd64/libjava.so
7f06e13db000-7f06e13ea000 r-xp 00000000 08:04 1705938                    /usr/lib/jvm/java-8-openjdk-amd64/jre/lib/amd64/libverify.so
7f06e13ea000-7f06e15e9000 ---p 0000f000 08:04 1705938                    /usr/lib/jvm/java-8-openjdk-amd64/jre/lib/amd64/libverify.so
7f06e15e9000-7f06e15eb000 r--p 0000e000 08:04 1705938                    /usr/lib/jvm/java-8-openjdk-amd64/jre/lib/amd64/libverify.so
7f06e15eb000-7f06e15ec000 rw-p 00010000 08:04 1705938                    /usr/lib/jvm/java-8-openjdk-amd64/jre/lib/amd64/libverify.so
7f06e15ec000-7f06e15f3000 r-xp 00000000 08:04 8262392                    /lib/x86_64-linux-gnu/librt-2.23.so
7f06e15f3000-7f06e17f2000 ---p 00007000 08:04 8262392                    /lib/x86_64-linux-gnu/librt-2.23.so
7f06e17f2000-7f06e17f3000 r--p 00006000 08:04 8262392                    /lib/x86_64-linux-gnu/librt-2.23.so
7f06e17f3000-7f06e17f4000 rw-p 00007000 08:04 8262392                    /lib/x86_64-linux-gnu/librt-2.23.so
7f06e17f4000-7f06e180a000 r-xp 00000000 08:04 8262276                    /lib/x86_64-linux-gnu/libgcc_s.so.1
7f06e180a000-7f06e1a09000 ---p 00016000 08:04 8262276                    /lib/x86_64-linux-gnu/libgcc_s.so.1
7f06e1a09000-7f06e1a0a000 rw-p 00015000 08:04 8262276                    /lib/x86_64-linux-gnu/libgcc_s.so.1
7f06e1a0a000-7f06e1b12000 r-xp 00000000 08:04 8262308                    /lib/x86_64-linux-gnu/libm-2.23.so
7f06e1b12000-7f06e1d11000 ---p 00108000 08:04 8262308                    /lib/x86_64-linux-gnu/libm-2.23.so
7f06e1d11000-7f06e1d12000 r--p 00107000 08:04 8262308                    /lib/x86_64-linux-gnu/libm-2.23.so
7f06e1d12000-7f06e1d13000 rw-p 00108000 08:04 8262308                    /lib/x86_64-linux-gnu/libm-2.23.so
7f06e1d13000-7f06e1e85000 r-xp 00000000 08:04 11272380                   /usr/lib/x86_64-linux-gnu/libstdc++.so.6.0.21
7f06e1e85000-7f06e2085000 ---p 00172000 08:04 11272380                   /usr/lib/x86_64-linux-gnu/libstdc++.so.6.0.21
7f06e2085000-7f06e208f000 r--p 00172000 08:04 11272380                   /usr/lib/x86_64-linux-gnu/libstdc++.so.6.0.21
7f06e208f000-7f06e2091000 rw-p 0017c000 08:04 11272380                   /usr/lib/x86_64-linux-gnu/libstdc++.so.6.0.21
7f06e2091000-7f06e2095000 rw-p 00000000 00:00 0 
7f06e2095000-7f06e2cf6000 r-xp 00000000 08:04 1705944                    /usr/lib/jvm/java-8-openjdk-amd64/jre/lib/amd64/server/libjvm.so
7f06e2cf6000-7f06e2ef6000 ---p 00c61000 08:04 1705944                    /usr/lib/jvm/java-8-openjdk-amd64/jre/lib/amd64/server/libjvm.so
7f06e2ef6000-7f06e2f8a000 r--p 00c61000 08:04 1705944                    /usr/lib/jvm/java-8-openjdk-amd64/jre/lib/amd64/server/libjvm.so
7f06e2f8a000-7f06e2fb3000 rw-p 00cf5000 08:04 1705944                    /usr/lib/jvm/java-8-openjdk-amd64/jre/lib/amd64/server/libjvm.so
7f06e2fb3000-7f06e2fe3000 rw-p 00000000 00:00 0 
7f06e2fe3000-7f06e2ffb000 r-xp 00000000 08:04 8262384                    /lib/x86_64-linux-gnu/libpthread-2.23.so
7f06e2ffb000-7f06e31fa000 ---p 00018000 08:04 8262384                    /lib/x86_64-linux-gnu/libpthread-2.23.so
7f06e31fa000-7f06e31fb000 r--p 00017000 08:04 8262384                    /lib/x86_64-linux-gnu/libpthread-2.23.so
7f06e31fb000-7f06e31fc000 rw-p 00018000 08:04 8262384                    /lib/x86_64-linux-gnu/libpthread-2.23.so
7f06e31fc000-7f06e3200000 rw-p 00000000 00:00 0 
7f06e3200000-7f06e3203000 r-xp 00000000 08:04 8262262                    /lib/x86_64-linux-gnu/libdl-2.23.so
7f06e3203000-7f06e3402000 ---p 00003000 08:04 8262262                    /lib/x86_64-linux-gnu/libdl-2.23.so
7f06e3402000-7f06e3403000 r--p 00002000 08:04 8262262                    /lib/x86_64-linux-gnu/libdl-2.23.so
7f06e3403000-7f06e3404000 rw-p 00003000 08:04 8262262                    /lib/x86_64-linux-gnu/libdl-2.23.so
7f06e3404000-7f06e341d000 r-xp 00000000 08:04 8262429                    /lib/x86_64-linux-gnu/libz.so.1.2.8
7f06e341d000-7f06e361c000 ---p 00019000 08:04 8262429                    /lib/x86_64-linux-gnu/libz.so.1.2.8
7f06e361c000-7f06e361d000 r--p 00018000 08:04 8262429                    /lib/x86_64-linux-gnu/libz.so.1.2.8
7f06e361d000-7f06e361e000 rw-p 00019000 08:04 8262429                    /lib/x86_64-linux-gnu/libz.so.1.2.8
7f06e361e000-7f06e37de000 r-xp 00000000 08:04 8262238                    /lib/x86_64-linux-gnu/libc-2.23.so
7f06e37de000-7f06e39de000 ---p 001c0000 08:04 8262238                    /lib/x86_64-linux-gnu/libc-2.23.so
7f06e39de000-7f06e39e2000 r--p 001c0000 08:04 8262238                    /lib/x86_64-linux-gnu/libc-2.23.so
7f06e39e2000-7f06e39e4000 rw-p 001c4000 08:04 8262238                    /lib/x86_64-linux-gnu/libc-2.23.so
7f06e39e4000-7f06e39e8000 rw-p 00000000 00:00 0 
7f06e39e8000-7f06e39f5000 r-xp 00000000 08:04 1705935                    /usr/lib/jvm/java-8-openjdk-amd64/jre/lib/amd64/jli/libjli.so
7f06e39f5000-7f06e3bf5000 ---p 0000d000 08:04 1705935                    /usr/lib/jvm/java-8-openjdk-amd64/jre/lib/amd64/jli/libjli.so
7f06e3bf5000-7f06e3bf6000 r--p 0000d000 08:04 1705935                    /usr/lib/jvm/java-8-openjdk-amd64/jre/lib/amd64/jli/libjli.so
7f06e3bf6000-7f06e3bf7000 rw-p 0000e000 08:04 1705935                    /usr/lib/jvm/java-8-openjdk-amd64/jre/lib/amd64/jli/libjli.so
7f06e3bf7000-7f06e3c1d000 r-xp 00000000 08:04 8262210                    /lib/x86_64-linux-gnu/ld-2.23.so
7f06e3c1d000-7f06e3c22000 r--s 000a0000 08:04 1705954                    /usr/lib/jvm/java-8-openjdk-amd64/jre/lib/jsse.jar
7f06e3c22000-7f06e3c24000 r--s 0000c000 08:04 1068514                    /home/pradeepta/Work/rotary/android/gradle/wrapper/gradle-wrapper.jar
7f06e3c24000-7f06e3c2e000 r--s 00116000 08:04 1704740                    /usr/lib/jvm/java-8-openjdk-amd64/jre/lib/ext/localedata.jar
7f06e3c2e000-7f06e3c31000 r--s 00038000 08:04 1704732                    /usr/lib/jvm/java-8-openjdk-amd64/jre/lib/ext/sunpkcs11.jar
7f06e3c31000-7f06e3cfc000 rw-p 00000000 00:00 0 
7f06e3cfc000-7f06e3cff000 ---p 00000000 00:00 0 
7f06e3cff000-7f06e3e01000 rw-p 00000000 00:00 0 
7f06e3e01000-7f06e3e02000 r--s 00004000 08:04 9841459                    /home/pradeepta/.gradle/wrapper/dists/gradle-4.7-all/4cret0dgl5o3b21weaoncl7ys/gradle-4.7/lib/ant-launcher-1.9.9.jar
7f06e3e02000-7f06e3e03000 r--s 0000a000 08:04 1704736                    /usr/lib/jvm/java-8-openjdk-amd64/jre/lib/ext/jaccess.jar
7f06e3e03000-7f06e3e05000 r--s 00001000 08:04 1704735                    /usr/lib/jvm/java-8-openjdk-amd64/jre/lib/ext/dnsns.jar
7f06e3e05000-7f06e3e08000 r--s 0000f000 08:04 1704739                    /usr/lib/jvm/java-8-openjdk-amd64/jre/lib/ext/icedtea-sound.jar
7f06e3e08000-7f06e3e0a000 r--s 00008000 08:04 1704733                    /usr/lib/jvm/java-8-openjdk-amd64/jre/lib/ext/sunec.jar
7f06e3e0a000-7f06e3e10000 r--s 0003b000 08:04 1704738                    /usr/lib/jvm/java-8-openjdk-amd64/jre/lib/ext/sunjce_provider.jar
7f06e3e10000-7f06e3e11000 r--s 00010000 08:04 1704734                    /usr/lib/jvm/java-8-openjdk-amd64/jre/lib/ext/zipfs.jar
7f06e3e11000-7f06e3e19000 rw-s 00000000 08:04 7223762                    /tmp/hsperfdata_pradeepta/27393
7f06e3e19000-7f06e3e1a000 rw-p 00000000 00:00 0 
7f06e3e1a000-7f06e3e1b000 ---p 00000000 00:00 0 
7f06e3e1b000-7f06e3e1c000 rw-p 00000000 00:00 0 
7f06e3e1c000-7f06e3e1d000 r--p 00025000 08:04 8262210                    /lib/x86_64-linux-gnu/ld-2.23.so
7f06e3e1d000-7f06e3e1e000 rw-p 00026000 08:04 8262210                    /lib/x86_64-linux-gnu/ld-2.23.so
7f06e3e1e000-7f06e3e1f000 rw-p 00000000 00:00 0 
7ffedd27d000-7ffedd29e000 rw-p 00000000 00:00 0                          [stack]
7ffedd306000-7ffedd309000 r--p 00000000 00:00 0                          [vvar]
7ffedd309000-7ffedd30b000 r-xp 00000000 00:00 0                          [vdso]
ffffffffff600000-ffffffffff601000 r-xp 00000000 00:00 0                  [vsyscall]

VM Arguments:
jvm_args: -Dorg.gradle.appname=gradlew 
java_command: org.gradle.wrapper.GradleWrapperMain installDebug
java_class_path (initial): /home/pradeepta/Work/rotary/android/gradle/wrapper/gradle-wrapper.jar
Launcher Type: SUN_STANDARD

Environment Variables:
PATH=/home/pradeepta/bin:/home/pradeepta/.local/bin:/usr/local/sbin:/usr/local/bin:/usr/sbin:/usr/bin:/sbin:/bin:/usr/games:/usr/local/games:/snap/bin
SHELL=/bin/bash
DISPLAY=:0

Signal Handlers:
SIGSEGV: [libjvm.so+0xa74ca0], sa_mask[0]=11111111011111111101111111111110, sa_flags=SA_RESTART|SA_SIGINFO
SIGBUS: [libjvm.so+0xa74ca0], sa_mask[0]=11111111011111111101111111111110, sa_flags=SA_RESTART|SA_SIGINFO
SIGFPE: [libjvm.so+0x8bbcf0], sa_mask[0]=11111111011111111101111111111110, sa_flags=SA_RESTART|SA_SIGINFO
SIGPIPE: [libjvm.so+0x8bbcf0], sa_mask[0]=11111111011111111101111111111110, sa_flags=SA_RESTART|SA_SIGINFO
SIGXFSZ: [libjvm.so+0x8bbcf0], sa_mask[0]=11111111011111111101111111111110, sa_flags=SA_RESTART|SA_SIGINFO
SIGILL: [libjvm.so+0x8bbcf0], sa_mask[0]=11111111011111111101111111111110, sa_flags=SA_RESTART|SA_SIGINFO
SIGUSR1: SIG_DFL, sa_mask[0]=00000000000000000000000000000000, sa_flags=none
SIGUSR2: [libjvm.so+0x8bbba0], sa_mask[0]=00000000000000000000000000000000, sa_flags=SA_RESTART|SA_SIGINFO
SIGHUP: [libjvm.so+0x8bc230], sa_mask[0]=11111111011111111101111111111110, sa_flags=SA_RESTART|SA_SIGINFO
SIGINT: [libjvm.so+0x8bc230], sa_mask[0]=11111111011111111101111111111110, sa_flags=SA_RESTART|SA_SIGINFO
SIGTERM: [libjvm.so+0x8bc230], sa_mask[0]=11111111011111111101111111111110, sa_flags=SA_RESTART|SA_SIGINFO
SIGQUIT: [libjvm.so+0x8bc230], sa_mask[0]=11111111011111111101111111111110, sa_flags=SA_RESTART|SA_SIGINFO


---------------  S Y S T E M  ---------------

OS:DISTRIB_ID=Ubuntu
DISTRIB_RELEASE=16.04
DISTRIB_CODENAME=xenial
DISTRIB_DESCRIPTION="Ubuntu 16.04.5 LTS"

uname:Linux 4.15.0-45-generic #48~16.04.1-Ubuntu SMP Tue Jan 29 18:03:48 UTC 2019 x86_64
libc:glibc 2.23 NPTL 2.23 
rlimit: STACK 8192k, CORE 0k, NPROC 31363, NOFILE 1048576, AS infinity
load average:13.92 9.72 4.59

/proc/meminfo:
MemTotal:        8088616 kB
MemFree:          136168 kB
MemAvailable:     190912 kB
Buffers:           29260 kB
Cached:          1431860 kB
SwapCached:            0 kB
Active:          6305168 kB
Inactive:        1348392 kB
Active(anon):    6205112 kB
Inactive(anon):  1205920 kB
Active(file):     100056 kB
Inactive(file):   142472 kB
Unevictable:         216 kB
Mlocked:             216 kB
SwapTotal:             0 kB
SwapFree:              0 kB
Dirty:             16416 kB
Writeback:          9284 kB
AnonPages:       6192704 kB
Mapped:           685124 kB
Shmem:           1219840 kB
Slab:             120272 kB
SReclaimable:      63060 kB
SUnreclaim:        57212 kB
KernelStack:       18496 kB
PageTables:        78656 kB
NFS_Unstable:          0 kB
Bounce:                0 kB
WritebackTmp:          0 kB
CommitLimit:     4044308 kB
Committed_AS:   15497440 kB
VmallocTotal:   34359738367 kB
VmallocUsed:           0 kB
VmallocChunk:          0 kB
HardwareCorrupted:     0 kB
AnonHugePages:   1097728 kB
ShmemHugePages:        0 kB
ShmemPmdMapped:        0 kB
CmaTotal:              0 kB
CmaFree:               0 kB
HugePages_Total:       0
HugePages_Free:        0
HugePages_Rsvd:        0
HugePages_Surp:        0
Hugepagesize:       2048 kB
DirectMap4k:      143328 kB
DirectMap2M:     7116800 kB
DirectMap1G:     2097152 kB

container (cgroup) information:
container_type: cgroupv1
cpu_cpuset_cpus: 0-3
cpu_memory_nodes: 0
active_processor_count: 4
cpu_quota: -1
cpu_period: 100000
cpu_shares: -1
memory_limit_in_bytes: -1
memory_and_swap_limit_in_bytes: -2
memory_soft_limit_in_bytes: -1
memory_usage_in_bytes: 7837569024
memory_max_usage_in_bytes: 1468145664


CPU:total 4 (initial active 4) (4 cores per cpu, 1 threads per core) family 6 model 60 stepping 3, cmov, cx8, fxsr, mmx, sse, sse2, sse3, ssse3, sse4.1, sse4.2, popcnt, avx, avx2, aes, clmul, erms, lzcnt, tsc, tscinvbit, bmi1, bmi2

/proc/cpuinfo:
processor	: 0
vendor_id	: GenuineIntel
cpu family	: 6
model		: 60
model name	: Intel(R) Core(TM) i5-4440 CPU @ 3.10GHz
stepping	: 3
microcode	: 0x25
cpu MHz		: 2973.794
cache size	: 6144 KB
physical id	: 0
siblings	: 4
core id		: 0
cpu cores	: 4
apicid		: 0
initial apicid	: 0
fpu		: yes
fpu_exception	: yes
cpuid level	: 13
wp		: yes
flags		: fpu vme de pse tsc msr pae mce cx8 apic sep mtrr pge mca cmov pat pse36 clflush dts acpi mmx fxsr sse sse2 ss ht tm pbe syscall nx pdpe1gb rdtscp lm constant_tsc arch_perfmon pebs bts rep_good nopl xtopology nonstop_tsc cpuid aperfmperf pni pclmulqdq dtes64 monitor ds_cpl vmx est tm2 ssse3 sdbg fma cx16 xtpr pdcm pcid sse4_1 sse4_2 x2apic movbe popcnt tsc_deadline_timer aes xsave avx f16c rdrand lahf_lm abm cpuid_fault epb invpcid_single pti ssbd ibrs ibpb stibp tpr_shadow vnmi flexpriority ept vpid fsgsbase tsc_adjust bmi1 avx2 smep bmi2 erms invpcid xsaveopt dtherm ida arat pln pts flush_l1d
bugs		: cpu_meltdown spectre_v1 spectre_v2 spec_store_bypass l1tf
bogomips	: 6192.90
clflush size	: 64
cache_alignment	: 64
address sizes	: 39 bits physical, 48 bits virtual
power management:

processor	: 1
vendor_id	: GenuineIntel
cpu family	: 6
model		: 60
model name	: Intel(R) Core(TM) i5-4440 CPU @ 3.10GHz
stepping	: 3
microcode	: 0x25
cpu MHz		: 3055.825
cache size	: 6144 KB
physical id	: 0
siblings	: 4
core id		: 1
cpu cores	: 4
apicid		: 2
initial apicid	: 2
fpu		: yes
fpu_exception	: yes
cpuid level	: 13
wp		: yes
flags		: fpu vme de pse tsc msr pae mce cx8 apic sep mtrr pge mca cmov pat pse36 clflush dts acpi mmx fxsr sse sse2 ss ht tm pbe syscall nx pdpe1gb rdtscp lm constant_tsc arch_perfmon pebs bts rep_good nopl xtopology nonstop_tsc cpuid aperfmperf pni pclmulqdq dtes64 monitor ds_cpl vmx est tm2 ssse3 sdbg fma cx16 xtpr pdcm pcid sse4_1 sse4_2 x2apic movbe popcnt tsc_deadline_timer aes xsave avx f16c rdrand lahf_lm abm cpuid_fault epb invpcid_single pti ssbd ibrs ibpb stibp tpr_shadow vnmi flexpriority ept vpid fsgsbase tsc_adjust bmi1 avx2 smep bmi2 erms invpcid xsaveopt dtherm ida arat pln pts flush_l1d
bugs		: cpu_meltdown spectre_v1 spectre_v2 spec_store_bypass l1tf
bogomips	: 6192.90
clflush size	: 64
cache_alignment	: 64
address sizes	: 39 bits physical, 48 bits virtual
power management:

processor	: 2
vendor_id	: GenuineIntel
cpu family	: 6
model		: 60
model name	: Intel(R) Core(TM) i5-4440 CPU @ 3.10GHz
stepping	: 3
microcode	: 0x25
cpu MHz		: 3091.526
cache size	: 6144 KB
physical id	: 0
siblings	: 4
core id		: 2
cpu cores	: 4
apicid		: 4
initial apicid	: 4
fpu		: yes
fpu_exception	: yes
cpuid level	: 13
wp		: yes
flags		: fpu vme de pse tsc msr pae mce cx8 apic sep mtrr pge mca cmov pat pse36 clflush dts acpi mmx fxsr sse sse2 ss ht tm pbe syscall nx pdpe1gb rdtscp lm constant_tsc arch_perfmon pebs bts rep_good nopl xtopology nonstop_tsc cpuid aperfmperf pni pclmulqdq dtes64 monitor ds_cpl vmx est tm2 ssse3 sdbg fma cx16 xtpr pdcm pcid sse4_1 sse4_2 x2apic movbe popcnt tsc_deadline_timer aes xsave avx f16c rdrand lahf_lm abm cpuid_fault epb invpcid_single pti ssbd ibrs ibpb stibp tpr_shadow vnmi flexpriority ept vpid fsgsbase tsc_adjust bmi1 avx2 smep bmi2 erms invpcid xsaveopt dtherm ida arat pln pts flush_l1d
bugs		: cpu_meltdown spectre_v1 spectre_v2 spec_store_bypass l1tf
bogomips	: 6192.90
clflush size	: 64
cache_alignment	: 64
address sizes	: 39 bits physical, 48 bits virtual
power management:

processor	: 3
vendor_id	: GenuineIntel
cpu family	: 6
model		: 60
model name	: Intel(R) Core(TM) i5-4440 CPU @ 3.10GHz
stepping	: 3
microcode	: 0x25
cpu MHz		: 2388.452
cache size	: 6144 KB
physical id	: 0
siblings	: 4
core id		: 3
cpu cores	: 4
apicid		: 6
initial apicid	: 6
fpu		: yes
fpu_exception	: yes
cpuid level	: 13
wp		: yes
flags		: fpu vme de pse tsc msr pae mce cx8 apic sep mtrr pge mca cmov pat pse36 clflush dts acpi mmx fxsr sse sse2 ss ht tm pbe syscall nx pdpe1gb rdtscp lm constant_tsc arch_perfmon pebs bts rep_good nopl xtopology nonstop_tsc cpuid aperfmperf pni pclmulqdq dtes64 monitor ds_cpl vmx est tm2 ssse3 sdbg fma cx16 xtpr pdcm pcid sse4_1 sse4_2 x2apic movbe popcnt tsc_deadline_timer aes xsave avx f16c rdrand lahf_lm abm cpuid_fault epb invpcid_single pti ssbd ibrs ibpb stibp tpr_shadow vnmi flexpriority ept vpid fsgsbase tsc_adjust bmi1 avx2 smep bmi2 erms invpcid xsaveopt dtherm ida arat pln pts flush_l1d
bugs		: cpu_meltdown spectre_v1 spectre_v2 spec_store_bypass l1tf
bogomips	: 6192.90
clflush size	: 64
cache_alignment	: 64
address sizes	: 39 bits physical, 48 bits virtual
power management:



Memory: 4k page, physical 8088616k(136292k free), swap 0k(0k free)

vm_info: OpenJDK 64-Bit Server VM (25.191-b12) for linux-amd64 JRE (1.8.0_191-8u191-b12-2ubuntu0.16.04.1-b12), built on Jan 14 2019 21:59:52 by "buildd" with gcc 5.4.0 20160609

time: Tue Feb 19 13:48:13 2019
elapsed time: 163 seconds (0d 0h 2m 43s)

